<?xml version="1.0" encoding="UTF-8"?>
<!-- Generated by org.testng.reporters.JUnitReportReporter -->
<testsuite skipped="0" hostname="DESKTOP-5A457IG" name="org.example.testRunner.runners" tests="12" failures="0" timestamp="2022-08-13T14:56:15 EEST" time="208.735" errors="0">
  <testcase name="runScenario" time="16.703" classname="org.example.testRunner.runners"/>
  <system-out/>
  <testcase name="runScenario" time="21.112" classname="org.example.testRunner.runners"/>
  <system-out/>
  <testcase name="runScenario" time="25.169" classname="org.example.testRunner.runners"/>
  <system-out/>
  <testcase name="runScenario" time="14.273" classname="org.example.testRunner.runners"/>
  <system-out/>
  <testcase name="runScenario" time="14.032" classname="org.example.testRunner.runners"/>
  <system-out/>
  <testcase name="runScenario" time="23.772" classname="org.example.testRunner.runners"/>
  <system-out/>
  <testcase name="runScenario" time="13.265" classname="org.example.testRunner.runners"/>
  <system-out/>
  <testcase name="runScenario" time="13.469" classname="org.example.testRunner.runners"/>
  <system-out/>
  <testcase name="runScenario" time="12.928" classname="org.example.testRunner.runners"/>
  <system-out/>
  <testcase name="runScenario" time="15.078" classname="org.example.testRunner.runners"/>
  <system-out/>
  <testcase name="runScenario" time="23.703" classname="org.example.testRunner.runners"/>
  <system-out/>
  <testcase name="runScenario" time="15.231" classname="org.example.testRunner.runners"/>
  <system-out/>
</testsuite> <!-- org.example.testRunner.runners -->
